Copyright 1986-2020 Xilinx, Inc. All Rights Reserved.
------------------------------------------------------------------------------------
| Tool Version : Vivado v.2020.1 (win64) Build 2902540 Wed May 27 19:54:49 MDT 2020
| Date         : Sat Nov 14 15:28:26 2020
| Host         : DESKTOP-AFCP9J8 running 64-bit major release  (build 9200)
| Command      : upgrade_ip
| Device       : xc7a200tfbg676-2
------------------------------------------------------------------------------------

Upgrade Log for IP 'clk_pll'

1. Summary
----------

SUCCESS in the upgrade of clk_pll (xilinx.com:ip:clk_wiz:6.0) from (Rev. 4) to (Rev. 5)






Copyright 1986-2020 Xilinx, Inc. All Rights Reserved.
------------------------------------------------------------------------------------
| Tool Version : Vivado v.2020.1 (win64) Build 2902540 Wed May 27 19:54:49 MDT 2020
| Date         : Sat Nov 14 15:28:22 2020
| Host         : DESKTOP-AFCP9J8 running 64-bit major release  (build 9200)
| Command      : upgrade_ip
| Device       : xc7a200tfbg676-2
------------------------------------------------------------------------------------

Upgrade Log for IP 'axi_crossbar_1x2'

1. Summary
----------

SUCCESS in the upgrade of axi_crossbar_1x2 (xilinx.com:ip:axi_crossbar:2.1) from (Rev. 21) to (Rev. 22)






Copyright 1986-2020 Xilinx, Inc. All Rights Reserved.
------------------------------------------------------------------------------------
| Tool Version : Vivado v.2020.1 (win64) Build 2902540 Wed May 27 19:54:49 MDT 2020
| Date         : Sat Nov 14 15:28:20 2020
| Host         : DESKTOP-AFCP9J8 running 64-bit major release  (build 9200)
| Command      : upgrade_ip
| Device       : xc7a200tfbg676-2
------------------------------------------------------------------------------------

Upgrade Log for IP 'axi_clock_converter'

1. Summary
----------

SUCCESS in the upgrade of axi_clock_converter (xilinx.com:ip:axi_clock_converter:2.1) from (Rev. 19) to (Rev. 20)

